[2026-04-07 17:26:05] [Task]
AggregateException: A Task's exception(s) were not observed either by Waiting on the Task or accessing its Exception property. As a result, the unobserved exception was rethrown by the finalizer thread. (Sequence contains no elements)

--- INNER ---
InvalidOperationException: Sequence contains no elements
   at System.Linq.ThrowHelper.ThrowNoElementsException()
   at System.Linq.Enumerable.MaxInteger[TSource,TResult](IEnumerable`1 source, Func`2 selector)
   at System.Linq.Enumerable.Max[TSource](IEnumerable`1 source, Func`2 selector)
   at AresAssistant.ViewModels.ChatViewModel.UpdateProductivityBars() in C:\Users\grg30\Desktop\PROYECTOS\ProyectoARES\ARES-desktop\AresAssistant\ViewModels\ChatViewModel.cs:line 915
   at AresAssistant.ViewModels.ChatViewModel.UpdateDashboardAsync() in C:\Users\grg30\Desktop\PROYECTOS\ProyectoARES\ARES-desktop\AresAssistant\ViewModels\ChatViewModel.cs:line 825
------------------------------------------------------------
[2026-04-07 17:26:05] [Task]
AggregateException: A Task's exception(s) were not observed either by Waiting on the Task or accessing its Exception property. As a result, the unobserved exception was rethrown by the finalizer thread. (Sequence contains no elements)

--- INNER ---
InvalidOperationException: Sequence contains no elements
   at System.Linq.ThrowHelper.ThrowNoElementsException()
   at System.Linq.Enumerable.MaxInteger[TSource,TResult](IEnumerable`1 source, Func`2 selector)
   at System.Linq.Enumerable.Max[TSource](IEnumerable`1 source, Func`2 selector)
   at AresAssistant.ViewModels.ChatViewModel.UpdateProductivityBars() in C:\Users\grg30\Desktop\PROYECTOS\ProyectoARES\ARES-desktop\AresAssistant\ViewModels\ChatViewModel.cs:line 915
   at AresAssistant.ViewModels.ChatViewModel.UpdateDashboardAsync() in C:\Users\grg30\Desktop\PROYECTOS\ProyectoARES\ARES-desktop\AresAssistant\ViewModels\ChatViewModel.cs:line 825
------------------------------------------------------------
